Построение начато 14.12.2018 1:48:18.
     1>Проект "M:\Documents\Visual Studio 2010\Projects\s1395029\graph\graph\graph.vcxproj" в узле 2 (целевые объекты build).
     1>InitializeBuildStatus:
         Создание "Debug\graph.unsuccessfulbuild", так как было задано "AlwaysCreate".
       ClCompile:
         Для всех выходных данных обновления не требуется.
         C:\Program Files (x86)\Microsoft Visual Studio 10.0\VC\bin\CL.exe /c /ZI /nologo /W3 /WX- /Od /Oy- /D WIN32 /D _DEBUG /D _WINDOWS /D _UNICODE /D UNICODE /Gm /EHsc /RTC1 /MDd /GS /fp:precise /Zc:wchar_t /Zc:forScope /Yu"StdAfx.h" /Fp"Debug\graph.pch" /Fo"Debug\\" /Fd"Debug\vc100.pdb" /Gd /TP /analyze- /errorReport:prompt graph.cpp
         graph.cpp
     1>m:\documents\visual studio 2010\projects\s1395029\graph\graph\graph.cpp(235): warning C4996: 'swprintf': swprintf has been changed to conform with the ISO C standard, adding an extra character count parameter. To use traditional Microsoft swprintf, set _CRT_NON_CONFORMING_SWPRINTFS.
                 c:\program files (x86)\microsoft visual studio 10.0\vc\include\swprintf.inl(85): см. объявление "swprintf"
     1>m:\documents\visual studio 2010\projects\s1395029\graph\graph\graph.cpp(436): warning C4996: 'wcstombs': This function or variable may be unsafe. Consider using wcstombs_s instead. To disable deprecation, use _CRT_SECURE_NO_WARNINGS. See online help for details.
                 c:\program files (x86)\microsoft visual studio 10.0\vc\include\stdlib.h(533): см. объявление "wcstombs"
     1>m:\documents\visual studio 2010\projects\s1395029\graph\graph\graph.cpp(433): warning C4101: i2: неиспользованная локальная переменная
     1>m:\documents\visual studio 2010\projects\s1395029\graph\graph\graph.cpp(460): warning C4996: 'wcstombs': This function or variable may be unsafe. Consider using wcstombs_s instead. To disable deprecation, use _CRT_SECURE_NO_WARNINGS. See online help for details.
                 c:\program files (x86)\microsoft visual studio 10.0\vc\include\stdlib.h(533): см. объявление "wcstombs"
     1>m:\documents\visual studio 2010\projects\s1395029\graph\graph\graph.cpp(457): warning C4101: i2: неиспользованная локальная переменная
       ResourceCompile:
         Для всех выходных данных обновления не требуется.
       ManifestResourceCompile:
         Для всех выходных данных обновления не требуется.
       Link:
         C:\Program Files (x86)\Microsoft Visual Studio 10.0\VC\bin\link.exe /ERRORREPORT:PROMPT /OUT:"M:\Documents\Visual Studio 2010\Projects\s1395029\graph\Debug\graph.exe" /INCREMENTAL /NOLOGO kernel32.lib user32.lib gdi32.lib winspool.lib comdlg32.lib advapi32.lib shell32.lib ole32.lib oleaut32.lib uuid.lib odbc32.lib odbccp32.lib /MANIFEST /ManifestFile:"Debug\graph.exe.intermediate.manifest" /MANIFESTUAC:"level='asInvoker' uiAccess='false'" /DEBUG /PDB:"M:\Documents\Visual Studio 2010\Projects\s1395029\graph\Debug\graph.pdb" /SUBSYSTEM:WINDOWS /TLBID:1 /DYNAMICBASE /NXCOMPAT /IMPLIB:"M:\Documents\Visual Studio 2010\Projects\s1395029\graph\Debug\graph.lib" /MACHINE:X86 Debug\graph.res
         Debug\graph.exe.embed.manifest.res
         Debug\graph.obj
         Debug\stdafx.obj
         Debug\stddialog.obj
       Manifest:
         C:\Program Files (x86)\Microsoft SDKs\Windows\v7.0A\bin\mt.exe /nologo /verbose /out:"Debug\graph.exe.embed.manifest" /manifest Debug\graph.exe.intermediate.manifest
         Для всех выходных данных обновления не требуется.
       LinkEmbedManifest:
         Для всех выходных данных обновления не требуется.
         graph.vcxproj -> M:\Documents\Visual Studio 2010\Projects\s1395029\graph\Debug\graph.exe
       FinalizeBuildStatus:
         Файл "Debug\graph.unsuccessfulbuild" удаляется.
         Обращение к "Debug\graph.lastbuildstate".
     1>Построение проекта "M:\Documents\Visual Studio 2010\Projects\s1395029\graph\graph\graph.vcxproj" завершено (целевые объекты build).

Построение успешно завершено.

Затраченное время: 00:00:00.35
